INFO: [VRFC 10-2263] Analyzing Verilog file "C:/Xilinx/526_FinalProject/526_RobotArm_Main/526_RobotArm_Main.srcs/sources_1/new/ClkDiv_100Hz.v" into library xil_defaultlib
INFO: [VRFC 10-311] analyzing module ClkDiv_100Hz
INFO: [VRFC 10-2263] Analyzing Verilog file "C:/Xilinx/526_FinalProject/526_RobotArm_Main/526_RobotArm_Main.srcs/sources_1/new/Clk_Div_5Hz.v" into library xil_defaultlib
INFO: [VRFC 10-311] analyzing module Clk_Div_5Hz
INFO: [VRFC 10-2263] Analyzing Verilog file "C:/Xilinx/526_FinalProject/526_RobotArm_Main/526_RobotArm_Main.srcs/sources_1/new/Clk_Div_66_67kHz.v" into library xil_defaultlib
INFO: [VRFC 10-311] analyzing module Clk_Div_66_67kHz
INFO: [VRFC 10-2263] Analyzing Verilog file "C:/Xilinx/526_FinalProject/526_RobotArm_Main/526_RobotArm_Main.srcs/sources_1/new/PWM_comparator.v" into library xil_defaultlib
INFO: [VRFC 10-311] analyzing module PWM_comparator
INFO: [VRFC 10-2263] Analyzing Verilog file "C:/Xilinx/526_FinalProject/526_RobotArm_Main/526_RobotArm_Main.srcs/sources_1/new/PmodJSTK2_Input.v" into library xil_defaultlib
INFO: [VRFC 10-311] analyzing module PmodJSTK2_Input
INFO: [VRFC 10-2263] Analyzing Verilog file "C:/Xilinx/526_FinalProject/526_RobotArm_Main/526_RobotArm_Main.srcs/sources_1/new/PmodJSTK2_Interface.v" into library xil_defaultlib
INFO: [VRFC 10-311] analyzing module PmodJSTK2_Interface
INFO: [VRFC 10-2263] Analyzing Verilog file "C:/Xilinx/526_FinalProject/526_RobotArm_Main/526_RobotArm_Main.srcs/sources_1/new/SPImode0.v" into library xil_defaultlib
INFO: [VRFC 10-311] analyzing module SPImode0
INFO: [VRFC 10-2263] Analyzing Verilog file "C:/Xilinx/526_FinalProject/526_RobotArm_Main/526_RobotArm_Main.srcs/sources_1/new/Servo_Controller.v" into library xil_defaultlib
INFO: [VRFC 10-311] analyzing module Servo_Controller
INFO: [VRFC 10-2263] Analyzing Verilog file "C:/Xilinx/526_FinalProject/526_RobotArm_Main/526_RobotArm_Main.srcs/sources_1/new/angle_decoder.v" into library xil_defaultlib
INFO: [VRFC 10-311] analyzing module angle_decoder
INFO: [VRFC 10-2263] Analyzing Verilog file "C:/Xilinx/526_FinalProject/526_RobotArm_Main/526_RobotArm_Main.srcs/sources_1/new/joystick_decoder.v" into library xil_defaultlib
INFO: [VRFC 10-311] analyzing module joystick_decoder
INFO: [VRFC 10-2263] Analyzing Verilog file "C:/Xilinx/526_FinalProject/526_RobotArm_Main/526_RobotArm_Main.srcs/sources_1/new/spiCtrl.v" into library xil_defaultlib
INFO: [VRFC 10-311] analyzing module spiCtrl
INFO: [VRFC 10-2263] Analyzing Verilog file "C:/Xilinx/526_FinalProject/526_RobotArm_Main/526_RobotArm_Main.srcs/sources_1/new/top_level_controller.v" into library xil_defaultlib
INFO: [VRFC 10-311] analyzing module top_level_controller
INFO: [VRFC 10-2263] Analyzing Verilog file "C:/Xilinx/526_FinalProject/526_RobotArm_Main/526_RobotArm_Main.srcs/sim_1/new/tb_top_level_controller.v" into library xil_defaultlib
INFO: [VRFC 10-311] analyzing module tb_top_level_controller
