Copyright 1986-2018 Xilinx, Inc. All Rights Reserved.
--------------------------------------------------------------------------------------------------------------------------------------------------------------------------------------------------
| Tool Version : Vivado v.2018.2 (win64) Build 2258646 Thu Jun 14 20:03:12 MDT 2018
| Date         : Tue May  4 22:53:32 2021
| Host         : Aaron running 64-bit major release  (build 9200)
| Command      : report_methodology -file top_level_controller_methodology_drc_routed.rpt -pb top_level_controller_methodology_drc_routed.pb -rpx top_level_controller_methodology_drc_routed.rpx
| Design       : top_level_controller
| Device       : xc7z020clg484-1
| Speed File   : -1
| Design State : Routed
--------------------------------------------------------------------------------------------------------------------------------------------------------------------------------------------------

Report Methodology

Table of Contents
-----------------
1. REPORT SUMMARY
2. REPORT DETAILS

1. REPORT SUMMARY
-----------------
            Netlist: netlist
          Floorplan: design_1
      Design limits: <entire design considered>
             Max violations: <unlimited>
             Violations found: 100
+-----------+----------+-------------------------------+------------+
| Rule      | Severity | Description                   | Violations |
+-----------+----------+-------------------------------+------------+
| TIMING-17 | Warning  | Non-clocked sequential cell   | 87         |
| TIMING-18 | Warning  | Missing input or output delay | 5          |
| TIMING-20 | Warning  | Non-clocked latch             | 8          |
+-----------+----------+-------------------------------+------------+

2. REPORT DETAILS
-----------------
TIMING-17#1 Warning
Non-clocked sequential cell  
The clock pin Joystick_Input/JSTK_Interface/SPI_Ctrl/DOUT_reg[16]/C is not reached by a timing clock
Related violations: <none>

TIMING-17#2 Warning
Non-clocked sequential cell  
The clock pin Joystick_Input/JSTK_Interface/SPI_Ctrl/DOUT_reg[17]/C is not reached by a timing clock
Related violations: <none>

TIMING-17#3 Warning
Non-clocked sequential cell  
The clock pin Joystick_Input/JSTK_Interface/SPI_Ctrl/DOUT_reg[18]/C is not reached by a timing clock
Related violations: <none>

TIMING-17#4 Warning
Non-clocked sequential cell  
The clock pin Joystick_Input/JSTK_Interface/SPI_Ctrl/DOUT_reg[19]/C is not reached by a timing clock
Related violations: <none>

TIMING-17#5 Warning
Non-clocked sequential cell  
The clock pin Joystick_Input/JSTK_Interface/SPI_Ctrl/DOUT_reg[20]/C is not reached by a timing clock
Related violations: <none>

TIMING-17#6 Warning
Non-clocked sequential cell  
The clock pin Joystick_Input/JSTK_Interface/SPI_Ctrl/DOUT_reg[21]/C is not reached by a timing clock
Related violations: <none>

TIMING-17#7 Warning
Non-clocked sequential cell  
The clock pin Joystick_Input/JSTK_Interface/SPI_Ctrl/DOUT_reg[22]/C is not reached by a timing clock
Related violations: <none>

TIMING-17#8 Warning
Non-clocked sequential cell  
The clock pin Joystick_Input/JSTK_Interface/SPI_Ctrl/DOUT_reg[23]/C is not reached by a timing clock
Related violations: <none>

TIMING-17#9 Warning
Non-clocked sequential cell  
The clock pin Joystick_Input/JSTK_Interface/SPI_Ctrl/DOUT_reg[24]/C is not reached by a timing clock
Related violations: <none>

TIMING-17#10 Warning
Non-clocked sequential cell  
The clock pin Joystick_Input/JSTK_Interface/SPI_Ctrl/DOUT_reg[25]/C is not reached by a timing clock
Related violations: <none>

TIMING-17#11 Warning
Non-clocked sequential cell  
The clock pin Joystick_Input/JSTK_Interface/SPI_Ctrl/DOUT_reg[32]/C is not reached by a timing clock
Related violations: <none>

TIMING-17#12 Warning
Non-clocked sequential cell  
The clock pin Joystick_Input/JSTK_Interface/SPI_Ctrl/DOUT_reg[33]/C is not reached by a timing clock
Related violations: <none>

TIMING-17#13 Warning
Non-clocked sequential cell  
The clock pin Joystick_Input/JSTK_Interface/SPI_Ctrl/DOUT_reg[34]/C is not reached by a timing clock
Related violations: <none>

TIMING-17#14 Warning
Non-clocked sequential cell  
The clock pin Joystick_Input/JSTK_Interface/SPI_Ctrl/DOUT_reg[35]/C is not reached by a timing clock
Related violations: <none>

TIMING-17#15 Warning
Non-clocked sequential cell  
The clock pin Joystick_Input/JSTK_Interface/SPI_Ctrl/DOUT_reg[36]/C is not reached by a timing clock
Related violations: <none>

TIMING-17#16 Warning
Non-clocked sequential cell  
The clock pin Joystick_Input/JSTK_Interface/SPI_Ctrl/DOUT_reg[37]/C is not reached by a timing clock
Related violations: <none>

TIMING-17#17 Warning
Non-clocked sequential cell  
The clock pin Joystick_Input/JSTK_Interface/SPI_Ctrl/DOUT_reg[38]/C is not reached by a timing clock
Related violations: <none>

TIMING-17#18 Warning
Non-clocked sequential cell  
The clock pin Joystick_Input/JSTK_Interface/SPI_Ctrl/DOUT_reg[39]/C is not reached by a timing clock
Related violations: <none>

TIMING-17#19 Warning
Non-clocked sequential cell  
The clock pin Joystick_Input/JSTK_Interface/SPI_Ctrl/DOUT_reg[8]/C is not reached by a timing clock
Related violations: <none>

TIMING-17#20 Warning
Non-clocked sequential cell  
The clock pin Joystick_Input/JSTK_Interface/SPI_Ctrl/DOUT_reg[9]/C is not reached by a timing clock
Related violations: <none>

TIMING-17#21 Warning
Non-clocked sequential cell  
The clock pin Joystick_Input/JSTK_Interface/SPI_Ctrl/FSM_onehot_pState_reg[0]/C is not reached by a timing clock
Related violations: <none>

TIMING-17#22 Warning
Non-clocked sequential cell  
The clock pin Joystick_Input/JSTK_Interface/SPI_Ctrl/FSM_onehot_pState_reg[1]/C is not reached by a timing clock
Related violations: <none>

TIMING-17#23 Warning
Non-clocked sequential cell  
The clock pin Joystick_Input/JSTK_Interface/SPI_Ctrl/FSM_onehot_pState_reg[2]/C is not reached by a timing clock
Related violations: <none>

TIMING-17#24 Warning
Non-clocked sequential cell  
The clock pin Joystick_Input/JSTK_Interface/SPI_Ctrl/FSM_onehot_pState_reg[3]/C is not reached by a timing clock
Related violations: <none>

TIMING-17#25 Warning
Non-clocked sequential cell  
The clock pin Joystick_Input/JSTK_Interface/SPI_Ctrl/FSM_onehot_pState_reg[4]/C is not reached by a timing clock
Related violations: <none>

TIMING-17#26 Warning
Non-clocked sequential cell  
The clock pin Joystick_Input/JSTK_Interface/SPI_Ctrl/SS_reg/C is not reached by a timing clock
Related violations: <none>

TIMING-17#27 Warning
Non-clocked sequential cell  
The clock pin Joystick_Input/JSTK_Interface/SPI_Ctrl/byteCnt_reg[0]/C is not reached by a timing clock
Related violations: <none>

TIMING-17#28 Warning
Non-clocked sequential cell  
The clock pin Joystick_Input/JSTK_Interface/SPI_Ctrl/byteCnt_reg[1]/C is not reached by a timing clock
Related violations: <none>

TIMING-17#29 Warning
Non-clocked sequential cell  
The clock pin Joystick_Input/JSTK_Interface/SPI_Ctrl/byteCnt_reg[2]/C is not reached by a timing clock
Related violations: <none>

TIMING-17#30 Warning
Non-clocked sequential cell  
The clock pin Joystick_Input/JSTK_Interface/SPI_Ctrl/getByte_reg/C is not reached by a timing clock
Related violations: <none>

TIMING-17#31 Warning
Non-clocked sequential cell  
The clock pin Joystick_Input/JSTK_Interface/SPI_Ctrl/tmpSR_reg[0]/C is not reached by a timing clock
Related violations: <none>

TIMING-17#32 Warning
Non-clocked sequential cell  
The clock pin Joystick_Input/JSTK_Interface/SPI_Ctrl/tmpSR_reg[10]/C is not reached by a timing clock
Related violations: <none>

TIMING-17#33 Warning
Non-clocked sequential cell  
The clock pin Joystick_Input/JSTK_Interface/SPI_Ctrl/tmpSR_reg[11]/C is not reached by a timing clock
Related violations: <none>

TIMING-17#34 Warning
Non-clocked sequential cell  
The clock pin Joystick_Input/JSTK_Interface/SPI_Ctrl/tmpSR_reg[12]/C is not reached by a timing clock
Related violations: <none>

TIMING-17#35 Warning
Non-clocked sequential cell  
The clock pin Joystick_Input/JSTK_Interface/SPI_Ctrl/tmpSR_reg[13]/C is not reached by a timing clock
Related violations: <none>

TIMING-17#36 Warning
Non-clocked sequential cell  
The clock pin Joystick_Input/JSTK_Interface/SPI_Ctrl/tmpSR_reg[14]/C is not reached by a timing clock
Related violations: <none>

TIMING-17#37 Warning
Non-clocked sequential cell  
The clock pin Joystick_Input/JSTK_Interface/SPI_Ctrl/tmpSR_reg[15]/C is not reached by a timing clock
Related violations: <none>

TIMING-17#38 Warning
Non-clocked sequential cell  
The clock pin Joystick_Input/JSTK_Interface/SPI_Ctrl/tmpSR_reg[16]/C is not reached by a timing clock
Related violations: <none>

TIMING-17#39 Warning
Non-clocked sequential cell  
The clock pin Joystick_Input/JSTK_Interface/SPI_Ctrl/tmpSR_reg[17]/C is not reached by a timing clock
Related violations: <none>

TIMING-17#40 Warning
Non-clocked sequential cell  
The clock pin Joystick_Input/JSTK_Interface/SPI_Ctrl/tmpSR_reg[18]/C is not reached by a timing clock
Related violations: <none>

TIMING-17#41 Warning
Non-clocked sequential cell  
The clock pin Joystick_Input/JSTK_Interface/SPI_Ctrl/tmpSR_reg[19]/C is not reached by a timing clock
Related violations: <none>

TIMING-17#42 Warning
Non-clocked sequential cell  
The clock pin Joystick_Input/JSTK_Interface/SPI_Ctrl/tmpSR_reg[1]/C is not reached by a timing clock
Related violations: <none>

TIMING-17#43 Warning
Non-clocked sequential cell  
The clock pin Joystick_Input/JSTK_Interface/SPI_Ctrl/tmpSR_reg[20]/C is not reached by a timing clock
Related violations: <none>

TIMING-17#44 Warning
Non-clocked sequential cell  
The clock pin Joystick_Input/JSTK_Interface/SPI_Ctrl/tmpSR_reg[21]/C is not reached by a timing clock
Related violations: <none>

TIMING-17#45 Warning
Non-clocked sequential cell  
The clock pin Joystick_Input/JSTK_Interface/SPI_Ctrl/tmpSR_reg[22]/C is not reached by a timing clock
Related violations: <none>

TIMING-17#46 Warning
Non-clocked sequential cell  
The clock pin Joystick_Input/JSTK_Interface/SPI_Ctrl/tmpSR_reg[23]/C is not reached by a timing clock
Related violations: <none>

TIMING-17#47 Warning
Non-clocked sequential cell  
The clock pin Joystick_Input/JSTK_Interface/SPI_Ctrl/tmpSR_reg[24]/C is not reached by a timing clock
Related violations: <none>

TIMING-17#48 Warning
Non-clocked sequential cell  
The clock pin Joystick_Input/JSTK_Interface/SPI_Ctrl/tmpSR_reg[25]/C is not reached by a timing clock
Related violations: <none>

TIMING-17#49 Warning
Non-clocked sequential cell  
The clock pin Joystick_Input/JSTK_Interface/SPI_Ctrl/tmpSR_reg[26]/C is not reached by a timing clock
Related violations: <none>

TIMING-17#50 Warning
Non-clocked sequential cell  
The clock pin Joystick_Input/JSTK_Interface/SPI_Ctrl/tmpSR_reg[27]/C is not reached by a timing clock
Related violations: <none>

TIMING-17#51 Warning
Non-clocked sequential cell  
The clock pin Joystick_Input/JSTK_Interface/SPI_Ctrl/tmpSR_reg[28]/C is not reached by a timing clock
Related violations: <none>

TIMING-17#52 Warning
Non-clocked sequential cell  
The clock pin Joystick_Input/JSTK_Interface/SPI_Ctrl/tmpSR_reg[29]/C is not reached by a timing clock
Related violations: <none>

TIMING-17#53 Warning
Non-clocked sequential cell  
The clock pin Joystick_Input/JSTK_Interface/SPI_Ctrl/tmpSR_reg[2]/C is not reached by a timing clock
Related violations: <none>

TIMING-17#54 Warning
Non-clocked sequential cell  
The clock pin Joystick_Input/JSTK_Interface/SPI_Ctrl/tmpSR_reg[30]/C is not reached by a timing clock
Related violations: <none>

TIMING-17#55 Warning
Non-clocked sequential cell  
The clock pin Joystick_Input/JSTK_Interface/SPI_Ctrl/tmpSR_reg[31]/C is not reached by a timing clock
Related violations: <none>

TIMING-17#56 Warning
Non-clocked sequential cell  
The clock pin Joystick_Input/JSTK_Interface/SPI_Ctrl/tmpSR_reg[32]/C is not reached by a timing clock
Related violations: <none>

TIMING-17#57 Warning
Non-clocked sequential cell  
The clock pin Joystick_Input/JSTK_Interface/SPI_Ctrl/tmpSR_reg[33]/C is not reached by a timing clock
Related violations: <none>

TIMING-17#58 Warning
Non-clocked sequential cell  
The clock pin Joystick_Input/JSTK_Interface/SPI_Ctrl/tmpSR_reg[34]/C is not reached by a timing clock
Related violations: <none>

TIMING-17#59 Warning
Non-clocked sequential cell  
The clock pin Joystick_Input/JSTK_Interface/SPI_Ctrl/tmpSR_reg[35]/C is not reached by a timing clock
Related violations: <none>

TIMING-17#60 Warning
Non-clocked sequential cell  
The clock pin Joystick_Input/JSTK_Interface/SPI_Ctrl/tmpSR_reg[36]/C is not reached by a timing clock
Related violations: <none>

TIMING-17#61 Warning
Non-clocked sequential cell  
The clock pin Joystick_Input/JSTK_Interface/SPI_Ctrl/tmpSR_reg[37]/C is not reached by a timing clock
Related violations: <none>

TIMING-17#62 Warning
Non-clocked sequential cell  
The clock pin Joystick_Input/JSTK_Interface/SPI_Ctrl/tmpSR_reg[38]/C is not reached by a timing clock
Related violations: <none>

TIMING-17#63 Warning
Non-clocked sequential cell  
The clock pin Joystick_Input/JSTK_Interface/SPI_Ctrl/tmpSR_reg[39]/C is not reached by a timing clock
Related violations: <none>

TIMING-17#64 Warning
Non-clocked sequential cell  
The clock pin Joystick_Input/JSTK_Interface/SPI_Ctrl/tmpSR_reg[3]/C is not reached by a timing clock
Related violations: <none>

TIMING-17#65 Warning
Non-clocked sequential cell  
The clock pin Joystick_Input/JSTK_Interface/SPI_Ctrl/tmpSR_reg[4]/C is not reached by a timing clock
Related violations: <none>

TIMING-17#66 Warning
Non-clocked sequential cell  
The clock pin Joystick_Input/JSTK_Interface/SPI_Ctrl/tmpSR_reg[5]/C is not reached by a timing clock
Related violations: <none>

TIMING-17#67 Warning
Non-clocked sequential cell  
The clock pin Joystick_Input/JSTK_Interface/SPI_Ctrl/tmpSR_reg[6]/C is not reached by a timing clock
Related violations: <none>

TIMING-17#68 Warning
Non-clocked sequential cell  
The clock pin Joystick_Input/JSTK_Interface/SPI_Ctrl/tmpSR_reg[7]/C is not reached by a timing clock
Related violations: <none>

TIMING-17#69 Warning
Non-clocked sequential cell  
The clock pin Joystick_Input/JSTK_Interface/SPI_Ctrl/tmpSR_reg[8]/C is not reached by a timing clock
Related violations: <none>

TIMING-17#70 Warning
Non-clocked sequential cell  
The clock pin Joystick_Input/JSTK_Interface/SPI_Ctrl/tmpSR_reg[9]/C is not reached by a timing clock
Related violations: <none>

TIMING-17#71 Warning
Non-clocked sequential cell  
The clock pin Joystick_Input/JSTK_Interface/SPI_Int/BUSY_reg/C is not reached by a timing clock
Related violations: <none>

TIMING-17#72 Warning
Non-clocked sequential cell  
The clock pin Joystick_Input/JSTK_Interface/SPI_Int/CE_reg/C is not reached by a timing clock
Related violations: <none>

TIMING-17#73 Warning
Non-clocked sequential cell  
The clock pin Joystick_Input/JSTK_Interface/SPI_Int/FSM_sequential_pState_reg[0]/C is not reached by a timing clock
Related violations: <none>

TIMING-17#74 Warning
Non-clocked sequential cell  
The clock pin Joystick_Input/JSTK_Interface/SPI_Int/FSM_sequential_pState_reg[1]/C is not reached by a timing clock
Related violations: <none>

TIMING-17#75 Warning
Non-clocked sequential cell  
The clock pin Joystick_Input/JSTK_Interface/SPI_Int/bitCount_reg[0]/C is not reached by a timing clock
Related violations: <none>

TIMING-17#76 Warning
Non-clocked sequential cell  
The clock pin Joystick_Input/JSTK_Interface/SPI_Int/bitCount_reg[1]/C is not reached by a timing clock
Related violations: <none>

TIMING-17#77 Warning
Non-clocked sequential cell  
The clock pin Joystick_Input/JSTK_Interface/SPI_Int/bitCount_reg[2]/C is not reached by a timing clock
Related violations: <none>

TIMING-17#78 Warning
Non-clocked sequential cell  
The clock pin Joystick_Input/JSTK_Interface/SPI_Int/bitCount_reg[3]/C is not reached by a timing clock
Related violations: <none>

TIMING-17#79 Warning
Non-clocked sequential cell  
The clock pin Joystick_Input/JSTK_Interface/SPI_Int/bitCount_reg[4]/C is not reached by a timing clock
Related violations: <none>

TIMING-17#80 Warning
Non-clocked sequential cell  
The clock pin Joystick_Input/JSTK_Interface/SPI_Int/rSR_reg[0]/C is not reached by a timing clock
Related violations: <none>

TIMING-17#81 Warning
Non-clocked sequential cell  
The clock pin Joystick_Input/JSTK_Interface/SPI_Int/rSR_reg[1]/C is not reached by a timing clock
Related violations: <none>

TIMING-17#82 Warning
Non-clocked sequential cell  
The clock pin Joystick_Input/JSTK_Interface/SPI_Int/rSR_reg[2]/C is not reached by a timing clock
Related violations: <none>

TIMING-17#83 Warning
Non-clocked sequential cell  
The clock pin Joystick_Input/JSTK_Interface/SPI_Int/rSR_reg[3]/C is not reached by a timing clock
Related violations: <none>

TIMING-17#84 Warning
Non-clocked sequential cell  
The clock pin Joystick_Input/JSTK_Interface/SPI_Int/rSR_reg[4]/C is not reached by a timing clock
Related violations: <none>

TIMING-17#85 Warning
Non-clocked sequential cell  
The clock pin Joystick_Input/JSTK_Interface/SPI_Int/rSR_reg[5]/C is not reached by a timing clock
Related violations: <none>

TIMING-17#86 Warning
Non-clocked sequential cell  
The clock pin Joystick_Input/JSTK_Interface/SPI_Int/rSR_reg[6]/C is not reached by a timing clock
Related violations: <none>

TIMING-17#87 Warning
Non-clocked sequential cell  
The clock pin Joystick_Input/JSTK_Interface/SPI_Int/rSR_reg[7]/C is not reached by a timing clock
Related violations: <none>

TIMING-18#1 Warning
Missing input or output delay  
An input delay is missing on RST relative to clock(s) CLK
Related violations: <none>

TIMING-18#2 Warning
Missing input or output delay  
An output delay is missing on JSTK_INPUT_SCLK_3 relative to clock(s) CLK
Related violations: <none>

TIMING-18#3 Warning
Missing input or output delay  
An output delay is missing on PWM1 relative to clock(s) CLK
Related violations: <none>

TIMING-18#4 Warning
Missing input or output delay  
An output delay is missing on PWM2 relative to clock(s) CLK
Related violations: <none>

TIMING-18#5 Warning
Missing input or output delay  
An output delay is missing on PWM3 relative to clock(s) CLK
Related violations: <none>

TIMING-20#1 Warning
Non-clocked latch  
The latch Servo1/joystick_read/angle_temp_reg[0] cannot be properly analyzed as its control pin Servo1/joystick_read/angle_temp_reg[0]/G is not reached by a timing clock
Related violations: <none>

TIMING-20#2 Warning
Non-clocked latch  
The latch Servo1/joystick_read/angle_temp_reg[1] cannot be properly analyzed as its control pin Servo1/joystick_read/angle_temp_reg[1]/G is not reached by a timing clock
Related violations: <none>

TIMING-20#3 Warning
Non-clocked latch  
The latch Servo1/joystick_read/angle_temp_reg[2] cannot be properly analyzed as its control pin Servo1/joystick_read/angle_temp_reg[2]/G is not reached by a timing clock
Related violations: <none>

TIMING-20#4 Warning
Non-clocked latch  
The latch Servo1/joystick_read/angle_temp_reg[3] cannot be properly analyzed as its control pin Servo1/joystick_read/angle_temp_reg[3]/G is not reached by a timing clock
Related violations: <none>

TIMING-20#5 Warning
Non-clocked latch  
The latch Servo1/joystick_read/angle_temp_reg[4] cannot be properly analyzed as its control pin Servo1/joystick_read/angle_temp_reg[4]/G is not reached by a timing clock
Related violations: <none>

TIMING-20#6 Warning
Non-clocked latch  
The latch Servo1/joystick_read/angle_temp_reg[5] cannot be properly analyzed as its control pin Servo1/joystick_read/angle_temp_reg[5]/G is not reached by a timing clock
Related violations: <none>

TIMING-20#7 Warning
Non-clocked latch  
The latch Servo1/joystick_read/angle_temp_reg[6] cannot be properly analyzed as its control pin Servo1/joystick_read/angle_temp_reg[6]/G is not reached by a timing clock
Related violations: <none>

TIMING-20#8 Warning
Non-clocked latch  
The latch Servo1/joystick_read/angle_temp_reg[7] cannot be properly analyzed as its control pin Servo1/joystick_read/angle_temp_reg[7]/G is not reached by a timing clock
Related violations: <none>


